mode: set
github.com/Tattsum/quiz/internal/services/auth_service.go:21.36,25.2 1 0
github.com/Tattsum/quiz/internal/services/auth_service.go:28.99,29.38 1 0
github.com/Tattsum/quiz/internal/services/auth_service.go:29.38,31.3 1 0
github.com/Tattsum/quiz/internal/services/auth_service.go:33.2,34.16 2 0
github.com/Tattsum/quiz/internal/services/auth_service.go:34.16,36.3 1 0
github.com/Tattsum/quiz/internal/services/auth_service.go:38.2,38.100 1 0
github.com/Tattsum/quiz/internal/services/auth_service.go:38.100,40.3 1 0
github.com/Tattsum/quiz/internal/services/auth_service.go:43.2,44.19 2 0
github.com/Tattsum/quiz/internal/services/auth_service.go:48.77,49.13 1 0
github.com/Tattsum/quiz/internal/services/auth_service.go:49.13,51.3 1 0
github.com/Tattsum/quiz/internal/services/auth_service.go:53.2,64.16 4 0
github.com/Tattsum/quiz/internal/services/auth_service.go:64.16,65.27 1 0
github.com/Tattsum/quiz/internal/services/auth_service.go:65.27,67.4 1 0
github.com/Tattsum/quiz/internal/services/auth_service.go:68.3,68.57 1 0
github.com/Tattsum/quiz/internal/services/auth_service.go:71.2,71.20 1 0
github.com/Tattsum/quiz/internal/services/auth_service.go:74.90,87.16 4 0
github.com/Tattsum/quiz/internal/services/auth_service.go:87.16,88.27 1 0
github.com/Tattsum/quiz/internal/services/auth_service.go:88.27,90.4 1 0
github.com/Tattsum/quiz/internal/services/auth_service.go:91.3,91.57 1 0
github.com/Tattsum/quiz/internal/services/auth_service.go:94.2,94.20 1 0
github.com/Tattsum/quiz/internal/services/auth_service.go:98.69,101.2 2 0
github.com/Tattsum/quiz/internal/services/auth_service.go:104.100,105.53 1 0
github.com/Tattsum/quiz/internal/services/auth_service.go:105.53,107.3 1 0
github.com/Tattsum/quiz/internal/services/auth_service.go:109.2,110.16 2 0
github.com/Tattsum/quiz/internal/services/auth_service.go:110.16,112.3 1 0
github.com/Tattsum/quiz/internal/services/auth_service.go:114.2,126.16 4 0
github.com/Tattsum/quiz/internal/services/auth_service.go:126.16,128.3 1 0
github.com/Tattsum/quiz/internal/services/auth_service.go:130.2,130.20 1 0
github.com/Tattsum/quiz/internal/services/image_service.go:53.38,55.2 1 0
github.com/Tattsum/quiz/internal/services/image_service.go:68.104,71.35 2 0
github.com/Tattsum/quiz/internal/services/image_service.go:71.35,74.3 2 0
github.com/Tattsum/quiz/internal/services/image_service.go:76.2,77.16 2 0
github.com/Tattsum/quiz/internal/services/image_service.go:77.16,79.3 1 0
github.com/Tattsum/quiz/internal/services/image_service.go:80.2,80.15 1 0
github.com/Tattsum/quiz/internal/services/image_service.go:80.15,80.35 1 0
github.com/Tattsum/quiz/internal/services/image_service.go:82.2,84.16 3 0
github.com/Tattsum/quiz/internal/services/image_service.go:84.16,86.3 1 0
github.com/Tattsum/quiz/internal/services/image_service.go:88.2,89.39 2 0
github.com/Tattsum/quiz/internal/services/image_service.go:89.39,92.3 2 0
github.com/Tattsum/quiz/internal/services/image_service.go:94.2,94.43 1 0
github.com/Tattsum/quiz/internal/services/image_service.go:94.43,96.3 1 0
github.com/Tattsum/quiz/internal/services/image_service.go:98.2,99.16 2 0
github.com/Tattsum/quiz/internal/services/image_service.go:99.16,102.3 2 0
github.com/Tattsum/quiz/internal/services/image_service.go:104.2,105.30 2 0
github.com/Tattsum/quiz/internal/services/image_service.go:105.30,108.3 2 0
github.com/Tattsum/quiz/internal/services/image_service.go:110.2,116.20 6 0
github.com/Tattsum/quiz/internal/services/image_service.go:120.108,122.16 2 0
github.com/Tattsum/quiz/internal/services/image_service.go:122.16,124.3 1 0
github.com/Tattsum/quiz/internal/services/image_service.go:126.2,126.25 1 0
github.com/Tattsum/quiz/internal/services/image_service.go:126.25,128.3 1 0
github.com/Tattsum/quiz/internal/services/image_service.go:130.2,131.16 2 0
github.com/Tattsum/quiz/internal/services/image_service.go:131.16,133.3 1 0
github.com/Tattsum/quiz/internal/services/image_service.go:134.2,134.15 1 0
github.com/Tattsum/quiz/internal/services/image_service.go:134.15,134.35 1 0
github.com/Tattsum/quiz/internal/services/image_service.go:136.2,137.16 2 0
github.com/Tattsum/quiz/internal/services/image_service.go:137.16,139.3 1 0
github.com/Tattsum/quiz/internal/services/image_service.go:141.2,145.38 4 0
github.com/Tattsum/quiz/internal/services/image_service.go:145.38,150.3 4 0
github.com/Tattsum/quiz/internal/services/image_service.go:152.2,153.16 2 0
github.com/Tattsum/quiz/internal/services/image_service.go:154.18,155.77 1 0
github.com/Tattsum/quiz/internal/services/image_service.go:156.17,157.39 1 0
github.com/Tattsum/quiz/internal/services/image_service.go:158.17,159.44 1 0
github.com/Tattsum/quiz/internal/services/image_service.go:162.2,162.16 1 0
github.com/Tattsum/quiz/internal/services/image_service.go:162.16,164.3 1 0
github.com/Tattsum/quiz/internal/services/image_service.go:166.2,178.38 3 0
github.com/Tattsum/quiz/internal/services/image_service.go:181.64,182.22 1 0
github.com/Tattsum/quiz/internal/services/image_service.go:182.22,184.3 1 0
github.com/Tattsum/quiz/internal/services/image_service.go:186.2,186.55 1 0
github.com/Tattsum/quiz/internal/services/image_service.go:186.55,188.3 1 0
github.com/Tattsum/quiz/internal/services/image_service.go:190.2,190.85 1 0
github.com/Tattsum/quiz/internal/services/image_service.go:190.85,192.3 1 0
github.com/Tattsum/quiz/internal/services/image_service.go:194.2,194.92 1 0
github.com/Tattsum/quiz/internal/services/image_service.go:194.92,196.3 1 0
github.com/Tattsum/quiz/internal/services/image_service.go:198.2,198.11 1 0
github.com/Tattsum/quiz/internal/services/image_service.go:201.69,202.21 1 0
github.com/Tattsum/quiz/internal/services/image_service.go:203.23,204.20 1 0
github.com/Tattsum/quiz/internal/services/image_service.go:205.22,206.19 1 0
github.com/Tattsum/quiz/internal/services/image_service.go:207.22,208.19 1 0
github.com/Tattsum/quiz/internal/services/image_service.go:209.10,210.12 1 0
github.com/Tattsum/quiz/internal/services/image_service.go:214.77,219.25 4 0
github.com/Tattsum/quiz/internal/services/image_service.go:219.25,221.3 1 0
github.com/Tattsum/quiz/internal/services/image_service.go:223.2,226.67 3 0
github.com/Tattsum/quiz/internal/services/image_service.go:229.63,230.16 1 0
github.com/Tattsum/quiz/internal/services/image_service.go:231.14,232.16 1 0
github.com/Tattsum/quiz/internal/services/image_service.go:233.13,234.16 1 0
github.com/Tattsum/quiz/internal/services/image_service.go:235.13,236.16 1 0
github.com/Tattsum/quiz/internal/services/image_service.go:237.10,238.16 1 0
github.com/Tattsum/quiz/internal/services/image_service.go:242.61,246.25 3 0
github.com/Tattsum/quiz/internal/services/image_service.go:246.25,247.105 1 0
github.com/Tattsum/quiz/internal/services/image_service.go:247.105,249.4 1 0
github.com/Tattsum/quiz/internal/services/image_service.go:252.2,253.21 2 0
github.com/Tattsum/quiz/internal/services/image_service.go:253.21,255.3 1 0
github.com/Tattsum/quiz/internal/services/image_service.go:257.2,257.18 1 0
github.com/Tattsum/quiz/internal/services/image_service.go:261.82,265.16 3 0
github.com/Tattsum/quiz/internal/services/image_service.go:265.16,267.3 1 0
github.com/Tattsum/quiz/internal/services/image_service.go:269.2,270.16 2 0
github.com/Tattsum/quiz/internal/services/image_service.go:271.14,272.29 1 0
github.com/Tattsum/quiz/internal/services/image_service.go:273.13,274.28 1 0
github.com/Tattsum/quiz/internal/services/image_service.go:275.13,276.28 1 0
github.com/Tattsum/quiz/internal/services/image_service.go:279.2,285.8 1 0
github.com/Tattsum/quiz/internal/services/jwt_service.go:34.34,36.24 2 1
github.com/Tattsum/quiz/internal/services/jwt_service.go:36.24,38.3 1 0
github.com/Tattsum/quiz/internal/services/jwt_service.go:40.2,41.25 2 1
github.com/Tattsum/quiz/internal/services/jwt_service.go:41.25,43.3 1 0
github.com/Tattsum/quiz/internal/services/jwt_service.go:45.2,47.27 3 1
github.com/Tattsum/quiz/internal/services/jwt_service.go:47.27,48.64 1 1
github.com/Tattsum/quiz/internal/services/jwt_service.go:48.64,50.4 1 1
github.com/Tattsum/quiz/internal/services/jwt_service.go:53.2,55.28 3 1
github.com/Tattsum/quiz/internal/services/jwt_service.go:55.28,56.63 1 1
github.com/Tattsum/quiz/internal/services/jwt_service.go:56.63,58.4 1 1
github.com/Tattsum/quiz/internal/services/jwt_service.go:61.2,66.3 1 1
github.com/Tattsum/quiz/internal/services/jwt_service.go:70.100,103.16 8 1
github.com/Tattsum/quiz/internal/services/jwt_service.go:103.16,105.3 1 0
github.com/Tattsum/quiz/internal/services/jwt_service.go:107.2,109.16 3 1
github.com/Tattsum/quiz/internal/services/jwt_service.go:109.16,111.3 1 0
github.com/Tattsum/quiz/internal/services/jwt_service.go:113.2,121.8 3 1
github.com/Tattsum/quiz/internal/services/jwt_service.go:125.89,127.2 1 1
github.com/Tattsum/quiz/internal/services/jwt_service.go:130.90,132.2 1 1
github.com/Tattsum/quiz/internal/services/jwt_service.go:134.108,135.114 1 1
github.com/Tattsum/quiz/internal/services/jwt_service.go:135.114,136.58 1 1
github.com/Tattsum/quiz/internal/services/jwt_service.go:136.58,138.4 1 0
github.com/Tattsum/quiz/internal/services/jwt_service.go:139.3,139.32 1 1
github.com/Tattsum/quiz/internal/services/jwt_service.go:141.2,141.16 1 1
github.com/Tattsum/quiz/internal/services/jwt_service.go:141.16,142.42 1 1
github.com/Tattsum/quiz/internal/services/jwt_service.go:142.42,144.4 1 0
github.com/Tattsum/quiz/internal/services/jwt_service.go:145.3,145.30 1 1
github.com/Tattsum/quiz/internal/services/jwt_service.go:148.2,149.25 2 1
github.com/Tattsum/quiz/internal/services/jwt_service.go:149.25,151.3 1 0
github.com/Tattsum/quiz/internal/services/jwt_service.go:153.2,153.33 1 1
github.com/Tattsum/quiz/internal/services/jwt_service.go:153.33,155.3 1 0
github.com/Tattsum/quiz/internal/services/jwt_service.go:157.2,157.20 1 1
github.com/Tattsum/quiz/internal/services/jwt_service.go:161.130,163.16 2 1
github.com/Tattsum/quiz/internal/services/jwt_service.go:163.16,165.3 1 0
github.com/Tattsum/quiz/internal/services/jwt_service.go:167.2,167.32 1 1
github.com/Tattsum/quiz/internal/services/jwt_service.go:167.32,169.3 1 0
github.com/Tattsum/quiz/internal/services/jwt_service.go:171.2,172.16 2 1
github.com/Tattsum/quiz/internal/services/jwt_service.go:172.16,174.3 1 0
github.com/Tattsum/quiz/internal/services/jwt_service.go:176.2,180.8 1 1
github.com/Tattsum/quiz/internal/services/jwt_service.go:184.77,186.44 2 1
github.com/Tattsum/quiz/internal/services/jwt_service.go:186.44,188.3 1 0
github.com/Tattsum/quiz/internal/services/jwt_service.go:189.2,189.39 1 1
github.com/Tattsum/quiz/internal/services/jwt_service.go:193.71,194.56 1 1
github.com/Tattsum/quiz/internal/services/jwt_service.go:194.56,196.3 1 1
github.com/Tattsum/quiz/internal/services/jwt_service.go:197.2,197.11 1 1
github.com/Tattsum/quiz/internal/services/quiz_service.go:18.36,22.2 1 0
github.com/Tattsum/quiz/internal/services/quiz_service.go:25.80,26.51 1 0
github.com/Tattsum/quiz/internal/services/quiz_service.go:26.51,28.3 1 0
github.com/Tattsum/quiz/internal/services/quiz_service.go:30.2,46.16 4 0
github.com/Tattsum/quiz/internal/services/quiz_service.go:46.16,48.3 1 0
github.com/Tattsum/quiz/internal/services/quiz_service.go:50.2,59.19 9 0
github.com/Tattsum/quiz/internal/services/quiz_service.go:63.67,64.13 1 0
github.com/Tattsum/quiz/internal/services/quiz_service.go:64.13,66.3 1 0
github.com/Tattsum/quiz/internal/services/quiz_service.go:68.2,86.16 4 0
github.com/Tattsum/quiz/internal/services/quiz_service.go:86.16,87.27 1 0
github.com/Tattsum/quiz/internal/services/quiz_service.go:87.27,89.4 1 0
github.com/Tattsum/quiz/internal/services/quiz_service.go:90.3,90.56 1 0
github.com/Tattsum/quiz/internal/services/quiz_service.go:93.2,93.19 1 0
github.com/Tattsum/quiz/internal/services/quiz_service.go:97.79,99.16 2 0
github.com/Tattsum/quiz/internal/services/quiz_service.go:99.16,101.3 1 0
github.com/Tattsum/quiz/internal/services/quiz_service.go:103.2,112.8 1 0
github.com/Tattsum/quiz/internal/services/quiz_service.go:116.90,117.13 1 0
github.com/Tattsum/quiz/internal/services/quiz_service.go:117.13,119.3 1 0
github.com/Tattsum/quiz/internal/services/quiz_service.go:121.2,121.51 1 0
github.com/Tattsum/quiz/internal/services/quiz_service.go:121.51,123.3 1 0
github.com/Tattsum/quiz/internal/services/quiz_service.go:125.2,126.16 2 0
github.com/Tattsum/quiz/internal/services/quiz_service.go:126.16,128.3 1 0
github.com/Tattsum/quiz/internal/services/quiz_service.go:130.2,149.16 4 0
github.com/Tattsum/quiz/internal/services/quiz_service.go:149.16,151.3 1 0
github.com/Tattsum/quiz/internal/services/quiz_service.go:153.2,153.26 1 0
github.com/Tattsum/quiz/internal/services/quiz_service.go:157.50,158.13 1 0
github.com/Tattsum/quiz/internal/services/quiz_service.go:158.13,160.3 1 0
github.com/Tattsum/quiz/internal/services/quiz_service.go:162.2,163.16 2 0
github.com/Tattsum/quiz/internal/services/quiz_service.go:163.16,165.3 1 0
github.com/Tattsum/quiz/internal/services/quiz_service.go:167.2,168.16 2 0
github.com/Tattsum/quiz/internal/services/quiz_service.go:168.16,170.3 1 0
github.com/Tattsum/quiz/internal/services/quiz_service.go:172.2,172.12 1 0
github.com/Tattsum/quiz/internal/services/quiz_service.go:176.79,177.15 1 0
github.com/Tattsum/quiz/internal/services/quiz_service.go:177.15,179.3 1 0
github.com/Tattsum/quiz/internal/services/quiz_service.go:180.2,180.31 1 0
github.com/Tattsum/quiz/internal/services/quiz_service.go:180.31,182.3 1 0
github.com/Tattsum/quiz/internal/services/quiz_service.go:184.2,188.16 4 0
github.com/Tattsum/quiz/internal/services/quiz_service.go:188.16,190.3 1 0
github.com/Tattsum/quiz/internal/services/quiz_service.go:192.2,199.16 3 0
github.com/Tattsum/quiz/internal/services/quiz_service.go:199.16,201.3 1 0
github.com/Tattsum/quiz/internal/services/quiz_service.go:202.2,202.15 1 0
github.com/Tattsum/quiz/internal/services/quiz_service.go:202.15,203.48 1 0
github.com/Tattsum/quiz/internal/services/quiz_service.go:203.48,205.4 1 0
github.com/Tattsum/quiz/internal/services/quiz_service.go:208.2,209.18 2 0
github.com/Tattsum/quiz/internal/services/quiz_service.go:209.18,224.17 3 0
github.com/Tattsum/quiz/internal/services/quiz_service.go:224.17,226.4 1 0
github.com/Tattsum/quiz/internal/services/quiz_service.go:227.3,227.34 1 0
github.com/Tattsum/quiz/internal/services/quiz_service.go:230.2,230.28 1 0
github.com/Tattsum/quiz/internal/services/quiz_service.go:233.73,234.28 1 0
github.com/Tattsum/quiz/internal/services/quiz_service.go:234.28,236.3 1 0
github.com/Tattsum/quiz/internal/services/quiz_service.go:237.2,237.86 1 0
github.com/Tattsum/quiz/internal/services/quiz_service.go:237.86,239.3 1 0
github.com/Tattsum/quiz/internal/services/quiz_service.go:240.2,240.114 1 0
github.com/Tattsum/quiz/internal/services/quiz_service.go:240.114,242.3 1 0
github.com/Tattsum/quiz/internal/services/quiz_service.go:243.2,243.12 1 0
github.com/Tattsum/quiz/internal/services/s3_storage.go:24.85,28.16 2 0
github.com/Tattsum/quiz/internal/services/s3_storage.go:28.16,30.3 1 0
github.com/Tattsum/quiz/internal/services/s3_storage.go:32.2,37.8 1 0
github.com/Tattsum/quiz/internal/services/s3_storage.go:41.86,58.16 4 0
github.com/Tattsum/quiz/internal/services/s3_storage.go:58.16,60.3 1 0
github.com/Tattsum/quiz/internal/services/s3_storage.go:62.2,65.12 3 0
github.com/Tattsum/quiz/internal/services/s3_storage.go:69.75,70.21 1 0
github.com/Tattsum/quiz/internal/services/s3_storage.go:70.21,72.3 1 0
github.com/Tattsum/quiz/internal/services/s3_storage.go:73.2,73.95 1 0
github.com/Tattsum/quiz/internal/services/s3_storage.go:77.74,84.16 3 0
github.com/Tattsum/quiz/internal/services/s3_storage.go:84.16,86.3 1 0
github.com/Tattsum/quiz/internal/services/s3_storage.go:88.2,88.12 1 0
github.com/Tattsum/quiz/internal/services/s3_storage.go:91.66,94.2 2 0
github.com/Tattsum/quiz/internal/services/s3_storage.go:96.68,97.23 1 0
github.com/Tattsum/quiz/internal/services/s3_storage.go:97.23,99.3 1 0
github.com/Tattsum/quiz/internal/services/s3_storage.go:100.2,100.58 1 0
github.com/Tattsum/quiz/internal/services/s3_storage.go:104.99,108.16 3 0
github.com/Tattsum/quiz/internal/services/s3_storage.go:108.16,110.3 1 0
github.com/Tattsum/quiz/internal/services/s3_storage.go:112.2,126.16 3 0
github.com/Tattsum/quiz/internal/services/s3_storage.go:126.16,128.3 1 0
github.com/Tattsum/quiz/internal/services/s3_storage.go:130.2,134.12 4 0
github.com/Tattsum/quiz/internal/services/s3_storage.go:138.78,145.16 3 0
github.com/Tattsum/quiz/internal/services/s3_storage.go:145.16,147.3 1 0
github.com/Tattsum/quiz/internal/services/s3_storage.go:149.2,149.33 1 0
github.com/Tattsum/quiz/internal/services/s3_storage.go:149.33,151.3 1 0
github.com/Tattsum/quiz/internal/services/s3_storage.go:153.2,153.12 1 0
github.com/Tattsum/quiz/internal/services/storage.go:26.77,31.2 1 0
github.com/Tattsum/quiz/internal/services/storage.go:34.89,35.50 1 0
github.com/Tattsum/quiz/internal/services/storage.go:35.50,37.3 1 0
github.com/Tattsum/quiz/internal/services/storage.go:39.2,42.52 3 0
github.com/Tattsum/quiz/internal/services/storage.go:42.52,44.3 1 0
github.com/Tattsum/quiz/internal/services/storage.go:46.2,49.16 3 0
github.com/Tattsum/quiz/internal/services/storage.go:49.16,51.3 1 0
github.com/Tattsum/quiz/internal/services/storage.go:52.2,52.15 1 0
github.com/Tattsum/quiz/internal/services/storage.go:52.15,54.3 1 0
github.com/Tattsum/quiz/internal/services/storage.go:56.2,56.44 1 0
github.com/Tattsum/quiz/internal/services/storage.go:56.44,58.3 1 0
github.com/Tattsum/quiz/internal/services/storage.go:60.2,63.12 3 0
github.com/Tattsum/quiz/internal/services/storage.go:67.78,69.2 1 0
github.com/Tattsum/quiz/internal/services/storage.go:72.77,75.53 2 0
github.com/Tattsum/quiz/internal/services/storage.go:75.53,77.3 1 0
github.com/Tattsum/quiz/internal/services/storage.go:79.2,79.44 1 0
github.com/Tattsum/quiz/internal/services/storage.go:79.44,81.3 1 0
github.com/Tattsum/quiz/internal/services/storage.go:83.2,83.12 1 0
github.com/Tattsum/quiz/internal/services/storage.go:86.61,87.56 1 0
github.com/Tattsum/quiz/internal/services/storage.go:87.56,89.3 1 0
github.com/Tattsum/quiz/internal/services/storage.go:90.2,90.12 1 0
github.com/Tattsum/quiz/internal/services/storage.go:93.71,94.23 1 0
github.com/Tattsum/quiz/internal/services/storage.go:94.23,96.3 1 0
github.com/Tattsum/quiz/internal/services/storage.go:98.2,98.58 1 0
github.com/Tattsum/quiz/internal/services/storage.go:102.102,103.50 1 0
github.com/Tattsum/quiz/internal/services/storage.go:103.50,105.3 1 0
github.com/Tattsum/quiz/internal/services/storage.go:107.2,110.52 3 0
github.com/Tattsum/quiz/internal/services/storage.go:110.52,112.3 1 0
github.com/Tattsum/quiz/internal/services/storage.go:114.2,117.16 3 0
github.com/Tattsum/quiz/internal/services/storage.go:117.16,119.3 1 0
github.com/Tattsum/quiz/internal/services/storage.go:120.2,120.15 1 0
github.com/Tattsum/quiz/internal/services/storage.go:120.15,122.3 1 0
github.com/Tattsum/quiz/internal/services/storage.go:124.2,125.16 2 0
github.com/Tattsum/quiz/internal/services/storage.go:125.16,127.3 1 0
github.com/Tattsum/quiz/internal/services/storage.go:129.2,133.12 4 0
