mode: atomic
github.com/Tattsum/quiz/internal/database/database.go:18.36,20.40 1 0
github.com/Tattsum/quiz/internal/database/database.go:20.40,22.3 1 0
github.com/Tattsum/quiz/internal/database/database.go:25.2,38.16 9 0
github.com/Tattsum/quiz/internal/database/database.go:38.16,40.3 1 0
github.com/Tattsum/quiz/internal/database/database.go:43.2,43.34 1 0
github.com/Tattsum/quiz/internal/database/database.go:43.34,45.3 1 0
github.com/Tattsum/quiz/internal/database/database.go:48.2,53.16 5 0
github.com/Tattsum/quiz/internal/database/database.go:57.46,58.42 1 0
github.com/Tattsum/quiz/internal/database/database.go:58.42,60.3 1 0
github.com/Tattsum/quiz/internal/database/database.go:61.2,61.21 1 0
github.com/Tattsum/quiz/internal/database/database.go:65.20,66.15 1 0
github.com/Tattsum/quiz/internal/database/database.go:66.15,68.3 1 0
github.com/Tattsum/quiz/internal/database/database.go:69.2,69.12 1 0
github.com/Tattsum/quiz/internal/database/database.go:73.22,75.2 1 0
github.com/Tattsum/quiz/internal/database/database.go:78.28,80.2 1 0
github.com/Tattsum/quiz/internal/middleware/middleware.go:28.29,31.65 2 0
github.com/Tattsum/quiz/internal/middleware/middleware.go:31.65,32.21 1 0
github.com/Tattsum/quiz/internal/middleware/middleware.go:32.21,34.4 1 0
github.com/Tattsum/quiz/internal/middleware/middleware.go:34.9,36.4 1 0
github.com/Tattsum/quiz/internal/middleware/middleware.go:37.8,39.3 1 0
github.com/Tattsum/quiz/internal/middleware/middleware.go:41.2,46.25 5 0
github.com/Tattsum/quiz/internal/middleware/middleware.go:50.31,51.75 1 0
github.com/Tattsum/quiz/internal/middleware/middleware.go:51.75,63.3 1 0
github.com/Tattsum/quiz/internal/middleware/middleware.go:67.34,68.46 1 0
github.com/Tattsum/quiz/internal/middleware/middleware.go:68.46,74.10 3 0
github.com/Tattsum/quiz/internal/middleware/middleware.go:75.60,77.77 1 0
github.com/Tattsum/quiz/internal/middleware/middleware.go:78.59,80.72 1 0
github.com/Tattsum/quiz/internal/middleware/middleware.go:81.62,83.74 1 0
github.com/Tattsum/quiz/internal/middleware/middleware.go:84.11,86.79 1 0
github.com/Tattsum/quiz/internal/middleware/middleware.go:89.3,89.23 1 0
github.com/Tattsum/quiz/internal/middleware/middleware.go:89.23,99.4 3 0
github.com/Tattsum/quiz/internal/middleware/middleware.go:101.3,101.11 1 0
github.com/Tattsum/quiz/internal/middleware/middleware.go:106.64,110.50 3 0
github.com/Tattsum/quiz/internal/middleware/middleware.go:110.50,112.3 1 0
github.com/Tattsum/quiz/internal/middleware/middleware.go:114.2,118.31 3 0
github.com/Tattsum/quiz/internal/middleware/middleware.go:118.31,121.31 2 0
github.com/Tattsum/quiz/internal/middleware/middleware.go:121.31,122.20 1 0
github.com/Tattsum/quiz/internal/middleware/middleware.go:122.20,123.10 1 0
github.com/Tattsum/quiz/internal/middleware/middleware.go:125.4,126.11 2 0
github.com/Tattsum/quiz/internal/middleware/middleware.go:130.2,130.16 1 0
github.com/Tattsum/quiz/internal/middleware/middleware.go:134.63,135.46 1 0
github.com/Tattsum/quiz/internal/middleware/middleware.go:135.46,137.23 2 0
github.com/Tattsum/quiz/internal/middleware/middleware.go:137.23,147.4 3 0
github.com/Tattsum/quiz/internal/middleware/middleware.go:149.3,150.24 2 0
github.com/Tattsum/quiz/internal/middleware/middleware.go:150.24,160.4 3 0
github.com/Tattsum/quiz/internal/middleware/middleware.go:163.3,164.34 2 0
github.com/Tattsum/quiz/internal/middleware/middleware.go:164.34,175.4 4 0
github.com/Tattsum/quiz/internal/middleware/middleware.go:176.3,180.17 3 0
github.com/Tattsum/quiz/internal/middleware/middleware.go:180.17,182.11 2 0
github.com/Tattsum/quiz/internal/middleware/middleware.go:183.50,185.39 2 0
github.com/Tattsum/quiz/internal/middleware/middleware.go:186.54,188.40 2 0
github.com/Tattsum/quiz/internal/middleware/middleware.go:189.12,191.35 2 0
github.com/Tattsum/quiz/internal/middleware/middleware.go:194.4,202.10 3 0
github.com/Tattsum/quiz/internal/middleware/middleware.go:206.3,209.11 4 0
github.com/Tattsum/quiz/internal/middleware/middleware.go:214.33,215.45 1 0
github.com/Tattsum/quiz/internal/middleware/middleware.go:215.45,216.44 1 0
github.com/Tattsum/quiz/internal/middleware/middleware.go:216.44,218.4 1 0
github.com/Tattsum/quiz/internal/middleware/middleware.go:223.41,227.2 3 0
github.com/Tattsum/quiz/internal/services/auth_service.go:21.36,25.2 1 1
github.com/Tattsum/quiz/internal/services/auth_service.go:28.99,29.38 1 4
github.com/Tattsum/quiz/internal/services/auth_service.go:29.38,31.3 1 3
github.com/Tattsum/quiz/internal/services/auth_service.go:33.2,33.17 1 1
github.com/Tattsum/quiz/internal/services/auth_service.go:33.17,35.3 1 1
github.com/Tattsum/quiz/internal/services/auth_service.go:37.2,38.16 2 0
github.com/Tattsum/quiz/internal/services/auth_service.go:38.16,40.3 1 0
github.com/Tattsum/quiz/internal/services/auth_service.go:42.2,42.100 1 0
github.com/Tattsum/quiz/internal/services/auth_service.go:42.100,44.3 1 0
github.com/Tattsum/quiz/internal/services/auth_service.go:47.2,48.19 2 0
github.com/Tattsum/quiz/internal/services/auth_service.go:52.77,53.13 1 3
github.com/Tattsum/quiz/internal/services/auth_service.go:53.13,55.3 1 2
github.com/Tattsum/quiz/internal/services/auth_service.go:57.2,57.17 1 1
github.com/Tattsum/quiz/internal/services/auth_service.go:57.17,59.3 1 1
github.com/Tattsum/quiz/internal/services/auth_service.go:61.2,72.16 4 0
github.com/Tattsum/quiz/internal/services/auth_service.go:72.16,73.27 1 0
github.com/Tattsum/quiz/internal/services/auth_service.go:73.27,75.4 1 0
github.com/Tattsum/quiz/internal/services/auth_service.go:76.3,76.57 1 0
github.com/Tattsum/quiz/internal/services/auth_service.go:79.2,79.20 1 0
github.com/Tattsum/quiz/internal/services/auth_service.go:82.90,83.17 1 0
github.com/Tattsum/quiz/internal/services/auth_service.go:83.17,85.3 1 0
github.com/Tattsum/quiz/internal/services/auth_service.go:87.2,99.16 4 0
github.com/Tattsum/quiz/internal/services/auth_service.go:99.16,100.27 1 0
github.com/Tattsum/quiz/internal/services/auth_service.go:100.27,102.4 1 0
github.com/Tattsum/quiz/internal/services/auth_service.go:103.3,103.57 1 0
github.com/Tattsum/quiz/internal/services/auth_service.go:106.2,106.20 1 0
github.com/Tattsum/quiz/internal/services/auth_service.go:110.69,113.2 2 2
github.com/Tattsum/quiz/internal/services/auth_service.go:116.100,117.53 1 0
github.com/Tattsum/quiz/internal/services/auth_service.go:117.53,119.3 1 0
github.com/Tattsum/quiz/internal/services/auth_service.go:121.2,122.16 2 0
github.com/Tattsum/quiz/internal/services/auth_service.go:122.16,124.3 1 0
github.com/Tattsum/quiz/internal/services/auth_service.go:126.2,138.16 4 0
github.com/Tattsum/quiz/internal/services/auth_service.go:138.16,140.3 1 0
github.com/Tattsum/quiz/internal/services/auth_service.go:142.2,142.20 1 0
github.com/Tattsum/quiz/internal/services/image_service.go:53.38,55.2 1 6
github.com/Tattsum/quiz/internal/services/image_service.go:68.104,71.35 2 5
github.com/Tattsum/quiz/internal/services/image_service.go:71.35,74.3 2 1
github.com/Tattsum/quiz/internal/services/image_service.go:76.2,77.16 2 4
github.com/Tattsum/quiz/internal/services/image_service.go:77.16,79.3 1 0
github.com/Tattsum/quiz/internal/services/image_service.go:80.2,80.15 1 4
github.com/Tattsum/quiz/internal/services/image_service.go:80.15,80.35 1 4
github.com/Tattsum/quiz/internal/services/image_service.go:82.2,84.16 3 4
github.com/Tattsum/quiz/internal/services/image_service.go:84.16,86.3 1 0
github.com/Tattsum/quiz/internal/services/image_service.go:88.2,89.39 2 4
github.com/Tattsum/quiz/internal/services/image_service.go:89.39,92.3 2 1
github.com/Tattsum/quiz/internal/services/image_service.go:94.2,94.43 1 3
github.com/Tattsum/quiz/internal/services/image_service.go:94.43,96.3 1 0
github.com/Tattsum/quiz/internal/services/image_service.go:98.2,99.16 2 3
github.com/Tattsum/quiz/internal/services/image_service.go:99.16,102.3 2 0
github.com/Tattsum/quiz/internal/services/image_service.go:104.2,105.30 2 3
github.com/Tattsum/quiz/internal/services/image_service.go:105.30,108.3 2 0
github.com/Tattsum/quiz/internal/services/image_service.go:110.2,116.20 6 3
github.com/Tattsum/quiz/internal/services/image_service.go:120.108,122.16 2 2
github.com/Tattsum/quiz/internal/services/image_service.go:122.16,124.3 1 0
github.com/Tattsum/quiz/internal/services/image_service.go:126.2,126.25 1 2
github.com/Tattsum/quiz/internal/services/image_service.go:126.25,128.3 1 0
github.com/Tattsum/quiz/internal/services/image_service.go:130.2,131.16 2 2
github.com/Tattsum/quiz/internal/services/image_service.go:131.16,133.3 1 0
github.com/Tattsum/quiz/internal/services/image_service.go:134.2,134.15 1 2
github.com/Tattsum/quiz/internal/services/image_service.go:134.15,134.35 1 2
github.com/Tattsum/quiz/internal/services/image_service.go:136.2,137.16 2 2
github.com/Tattsum/quiz/internal/services/image_service.go:137.16,139.3 1 0
github.com/Tattsum/quiz/internal/services/image_service.go:141.2,145.38 4 2
github.com/Tattsum/quiz/internal/services/image_service.go:145.38,150.3 4 1
github.com/Tattsum/quiz/internal/services/image_service.go:152.2,153.16 2 2
github.com/Tattsum/quiz/internal/services/image_service.go:154.18,155.77 1 2
github.com/Tattsum/quiz/internal/services/image_service.go:156.17,157.39 1 0
github.com/Tattsum/quiz/internal/services/image_service.go:158.17,159.44 1 0
github.com/Tattsum/quiz/internal/services/image_service.go:162.2,162.16 1 2
github.com/Tattsum/quiz/internal/services/image_service.go:162.16,164.3 1 0
github.com/Tattsum/quiz/internal/services/image_service.go:166.2,178.38 3 2
github.com/Tattsum/quiz/internal/services/image_service.go:181.64,182.22 1 12
github.com/Tattsum/quiz/internal/services/image_service.go:182.22,184.3 1 2
github.com/Tattsum/quiz/internal/services/image_service.go:186.2,186.55 1 10
github.com/Tattsum/quiz/internal/services/image_service.go:186.55,188.3 1 5
github.com/Tattsum/quiz/internal/services/image_service.go:190.2,190.85 1 5
github.com/Tattsum/quiz/internal/services/image_service.go:190.85,192.3 1 2
github.com/Tattsum/quiz/internal/services/image_service.go:194.2,194.92 1 3
github.com/Tattsum/quiz/internal/services/image_service.go:194.92,196.3 1 2
github.com/Tattsum/quiz/internal/services/image_service.go:198.2,198.11 1 1
github.com/Tattsum/quiz/internal/services/image_service.go:201.69,202.21 1 3
github.com/Tattsum/quiz/internal/services/image_service.go:203.23,204.20 1 3
github.com/Tattsum/quiz/internal/services/image_service.go:205.22,206.19 1 0
github.com/Tattsum/quiz/internal/services/image_service.go:207.22,208.19 1 0
github.com/Tattsum/quiz/internal/services/image_service.go:209.10,210.12 1 0
github.com/Tattsum/quiz/internal/services/image_service.go:214.77,219.25 4 2
github.com/Tattsum/quiz/internal/services/image_service.go:219.25,221.3 1 0
github.com/Tattsum/quiz/internal/services/image_service.go:223.2,226.67 3 2
github.com/Tattsum/quiz/internal/services/image_service.go:229.63,230.16 1 2
github.com/Tattsum/quiz/internal/services/image_service.go:231.14,232.16 1 2
github.com/Tattsum/quiz/internal/services/image_service.go:233.13,234.16 1 0
github.com/Tattsum/quiz/internal/services/image_service.go:235.13,236.16 1 0
github.com/Tattsum/quiz/internal/services/image_service.go:237.10,238.16 1 0
github.com/Tattsum/quiz/internal/services/image_service.go:242.61,246.25 3 11
github.com/Tattsum/quiz/internal/services/image_service.go:246.25,247.105 1 179
github.com/Tattsum/quiz/internal/services/image_service.go:247.105,249.4 1 161
github.com/Tattsum/quiz/internal/services/image_service.go:252.2,253.21 2 11
github.com/Tattsum/quiz/internal/services/image_service.go:253.21,255.3 1 2
github.com/Tattsum/quiz/internal/services/image_service.go:257.2,257.18 1 11
github.com/Tattsum/quiz/internal/services/image_service.go:261.82,265.16 3 0
github.com/Tattsum/quiz/internal/services/image_service.go:265.16,267.3 1 0
github.com/Tattsum/quiz/internal/services/image_service.go:269.2,270.16 2 0
github.com/Tattsum/quiz/internal/services/image_service.go:271.14,272.29 1 0
github.com/Tattsum/quiz/internal/services/image_service.go:273.13,274.28 1 0
github.com/Tattsum/quiz/internal/services/image_service.go:275.13,276.28 1 0
github.com/Tattsum/quiz/internal/services/image_service.go:279.2,285.8 1 0
github.com/Tattsum/quiz/internal/services/jwt_service.go:34.34,36.24 2 6
github.com/Tattsum/quiz/internal/services/jwt_service.go:36.24,38.3 1 0
github.com/Tattsum/quiz/internal/services/jwt_service.go:40.2,41.25 2 6
github.com/Tattsum/quiz/internal/services/jwt_service.go:41.25,43.3 1 0
github.com/Tattsum/quiz/internal/services/jwt_service.go:45.2,47.27 3 6
github.com/Tattsum/quiz/internal/services/jwt_service.go:47.27,48.64 1 6
github.com/Tattsum/quiz/internal/services/jwt_service.go:48.64,50.4 1 6
github.com/Tattsum/quiz/internal/services/jwt_service.go:53.2,55.28 3 6
github.com/Tattsum/quiz/internal/services/jwt_service.go:55.28,56.63 1 6
github.com/Tattsum/quiz/internal/services/jwt_service.go:56.63,58.4 1 6
github.com/Tattsum/quiz/internal/services/jwt_service.go:61.2,66.3 1 6
github.com/Tattsum/quiz/internal/services/jwt_service.go:70.100,103.16 8 5
github.com/Tattsum/quiz/internal/services/jwt_service.go:103.16,105.3 1 0
github.com/Tattsum/quiz/internal/services/jwt_service.go:107.2,109.16 3 5
github.com/Tattsum/quiz/internal/services/jwt_service.go:109.16,111.3 1 0
github.com/Tattsum/quiz/internal/services/jwt_service.go:113.2,121.8 3 5
github.com/Tattsum/quiz/internal/services/jwt_service.go:125.89,127.2 1 4
github.com/Tattsum/quiz/internal/services/jwt_service.go:130.90,132.2 1 4
github.com/Tattsum/quiz/internal/services/jwt_service.go:134.108,135.114 1 8
github.com/Tattsum/quiz/internal/services/jwt_service.go:135.114,136.58 1 7
github.com/Tattsum/quiz/internal/services/jwt_service.go:136.58,138.4 1 0
github.com/Tattsum/quiz/internal/services/jwt_service.go:139.3,139.32 1 7
github.com/Tattsum/quiz/internal/services/jwt_service.go:141.2,141.16 1 8
github.com/Tattsum/quiz/internal/services/jwt_service.go:141.16,142.42 1 3
github.com/Tattsum/quiz/internal/services/jwt_service.go:142.42,144.4 1 0
github.com/Tattsum/quiz/internal/services/jwt_service.go:145.3,145.30 1 3
github.com/Tattsum/quiz/internal/services/jwt_service.go:148.2,149.25 2 5
github.com/Tattsum/quiz/internal/services/jwt_service.go:149.25,151.3 1 0
github.com/Tattsum/quiz/internal/services/jwt_service.go:153.2,153.33 1 5
github.com/Tattsum/quiz/internal/services/jwt_service.go:153.33,155.3 1 0
github.com/Tattsum/quiz/internal/services/jwt_service.go:157.2,157.20 1 5
github.com/Tattsum/quiz/internal/services/jwt_service.go:161.130,163.16 2 1
github.com/Tattsum/quiz/internal/services/jwt_service.go:163.16,165.3 1 0
github.com/Tattsum/quiz/internal/services/jwt_service.go:167.2,167.32 1 1
github.com/Tattsum/quiz/internal/services/jwt_service.go:167.32,169.3 1 0
github.com/Tattsum/quiz/internal/services/jwt_service.go:171.2,172.16 2 1
github.com/Tattsum/quiz/internal/services/jwt_service.go:172.16,174.3 1 0
github.com/Tattsum/quiz/internal/services/jwt_service.go:176.2,180.8 1 1
github.com/Tattsum/quiz/internal/services/jwt_service.go:184.77,186.44 2 6
github.com/Tattsum/quiz/internal/services/jwt_service.go:186.44,188.3 1 0
github.com/Tattsum/quiz/internal/services/jwt_service.go:189.2,189.39 1 6
github.com/Tattsum/quiz/internal/services/jwt_service.go:193.71,194.56 1 5
github.com/Tattsum/quiz/internal/services/jwt_service.go:194.56,196.3 1 1
github.com/Tattsum/quiz/internal/services/jwt_service.go:197.2,197.11 1 4
github.com/Tattsum/quiz/internal/services/quiz_service.go:18.36,22.2 1 2
github.com/Tattsum/quiz/internal/services/quiz_service.go:25.80,26.51 1 0
github.com/Tattsum/quiz/internal/services/quiz_service.go:26.51,28.3 1 0
github.com/Tattsum/quiz/internal/services/quiz_service.go:30.2,46.16 4 0
github.com/Tattsum/quiz/internal/services/quiz_service.go:46.16,48.3 1 0
github.com/Tattsum/quiz/internal/services/quiz_service.go:50.2,59.19 9 0
github.com/Tattsum/quiz/internal/services/quiz_service.go:63.67,64.13 1 3
github.com/Tattsum/quiz/internal/services/quiz_service.go:64.13,66.3 1 2
github.com/Tattsum/quiz/internal/services/quiz_service.go:68.2,86.16 4 1
github.com/Tattsum/quiz/internal/services/quiz_service.go:86.16,87.27 1 1
github.com/Tattsum/quiz/internal/services/quiz_service.go:87.27,89.4 1 1
github.com/Tattsum/quiz/internal/services/quiz_service.go:90.3,90.56 1 0
github.com/Tattsum/quiz/internal/services/quiz_service.go:93.2,93.19 1 0
github.com/Tattsum/quiz/internal/services/quiz_service.go:97.79,99.16 2 0
github.com/Tattsum/quiz/internal/services/quiz_service.go:99.16,101.3 1 0
github.com/Tattsum/quiz/internal/services/quiz_service.go:103.2,112.8 1 0
github.com/Tattsum/quiz/internal/services/quiz_service.go:116.90,117.13 1 0
github.com/Tattsum/quiz/internal/services/quiz_service.go:117.13,119.3 1 0
github.com/Tattsum/quiz/internal/services/quiz_service.go:121.2,121.51 1 0
github.com/Tattsum/quiz/internal/services/quiz_service.go:121.51,123.3 1 0
github.com/Tattsum/quiz/internal/services/quiz_service.go:125.2,126.16 2 0
github.com/Tattsum/quiz/internal/services/quiz_service.go:126.16,128.3 1 0
github.com/Tattsum/quiz/internal/services/quiz_service.go:130.2,149.16 4 0
github.com/Tattsum/quiz/internal/services/quiz_service.go:149.16,151.3 1 0
github.com/Tattsum/quiz/internal/services/quiz_service.go:153.2,153.26 1 0
github.com/Tattsum/quiz/internal/services/quiz_service.go:157.50,158.13 1 0
github.com/Tattsum/quiz/internal/services/quiz_service.go:158.13,160.3 1 0
github.com/Tattsum/quiz/internal/services/quiz_service.go:162.2,163.16 2 0
github.com/Tattsum/quiz/internal/services/quiz_service.go:163.16,165.3 1 0
github.com/Tattsum/quiz/internal/services/quiz_service.go:167.2,168.16 2 0
github.com/Tattsum/quiz/internal/services/quiz_service.go:168.16,170.3 1 0
github.com/Tattsum/quiz/internal/services/quiz_service.go:172.2,172.12 1 0
github.com/Tattsum/quiz/internal/services/quiz_service.go:176.79,177.15 1 0
github.com/Tattsum/quiz/internal/services/quiz_service.go:177.15,179.3 1 0
github.com/Tattsum/quiz/internal/services/quiz_service.go:180.2,180.31 1 0
github.com/Tattsum/quiz/internal/services/quiz_service.go:180.31,182.3 1 0
github.com/Tattsum/quiz/internal/services/quiz_service.go:184.2,188.16 4 0
github.com/Tattsum/quiz/internal/services/quiz_service.go:188.16,190.3 1 0
github.com/Tattsum/quiz/internal/services/quiz_service.go:192.2,199.16 3 0
github.com/Tattsum/quiz/internal/services/quiz_service.go:199.16,201.3 1 0
github.com/Tattsum/quiz/internal/services/quiz_service.go:202.2,202.15 1 0
github.com/Tattsum/quiz/internal/services/quiz_service.go:202.15,203.48 1 0
github.com/Tattsum/quiz/internal/services/quiz_service.go:203.48,205.4 1 0
github.com/Tattsum/quiz/internal/services/quiz_service.go:208.2,209.18 2 0
github.com/Tattsum/quiz/internal/services/quiz_service.go:209.18,224.17 3 0
github.com/Tattsum/quiz/internal/services/quiz_service.go:224.17,226.4 1 0
github.com/Tattsum/quiz/internal/services/quiz_service.go:227.3,227.34 1 0
github.com/Tattsum/quiz/internal/services/quiz_service.go:230.2,230.28 1 0
github.com/Tattsum/quiz/internal/services/quiz_service.go:233.73,234.28 1 4
github.com/Tattsum/quiz/internal/services/quiz_service.go:234.28,236.3 1 1
github.com/Tattsum/quiz/internal/services/quiz_service.go:237.2,237.86 1 3
github.com/Tattsum/quiz/internal/services/quiz_service.go:237.86,239.3 1 1
github.com/Tattsum/quiz/internal/services/quiz_service.go:240.2,240.114 1 2
github.com/Tattsum/quiz/internal/services/quiz_service.go:240.114,242.3 1 1
github.com/Tattsum/quiz/internal/services/quiz_service.go:243.2,243.12 1 1
github.com/Tattsum/quiz/internal/services/s3_storage.go:24.85,28.16 2 0
github.com/Tattsum/quiz/internal/services/s3_storage.go:28.16,30.3 1 0
github.com/Tattsum/quiz/internal/services/s3_storage.go:32.2,37.8 1 0
github.com/Tattsum/quiz/internal/services/s3_storage.go:41.86,58.16 4 0
github.com/Tattsum/quiz/internal/services/s3_storage.go:58.16,60.3 1 0
github.com/Tattsum/quiz/internal/services/s3_storage.go:62.2,65.12 3 0
github.com/Tattsum/quiz/internal/services/s3_storage.go:69.75,70.21 1 0
github.com/Tattsum/quiz/internal/services/s3_storage.go:70.21,72.3 1 0
github.com/Tattsum/quiz/internal/services/s3_storage.go:73.2,73.95 1 0
github.com/Tattsum/quiz/internal/services/s3_storage.go:77.74,84.16 3 0
github.com/Tattsum/quiz/internal/services/s3_storage.go:84.16,86.3 1 0
github.com/Tattsum/quiz/internal/services/s3_storage.go:88.2,88.12 1 0
github.com/Tattsum/quiz/internal/services/s3_storage.go:91.66,94.2 2 0
github.com/Tattsum/quiz/internal/services/s3_storage.go:96.68,97.23 1 0
github.com/Tattsum/quiz/internal/services/s3_storage.go:97.23,99.3 1 0
github.com/Tattsum/quiz/internal/services/s3_storage.go:100.2,100.58 1 0
github.com/Tattsum/quiz/internal/services/s3_storage.go:104.99,108.16 3 0
github.com/Tattsum/quiz/internal/services/s3_storage.go:108.16,110.3 1 0
github.com/Tattsum/quiz/internal/services/s3_storage.go:112.2,126.16 3 0
github.com/Tattsum/quiz/internal/services/s3_storage.go:126.16,128.3 1 0
github.com/Tattsum/quiz/internal/services/s3_storage.go:130.2,134.12 4 0
github.com/Tattsum/quiz/internal/services/s3_storage.go:138.78,145.16 3 0
github.com/Tattsum/quiz/internal/services/s3_storage.go:145.16,147.3 1 0
github.com/Tattsum/quiz/internal/services/s3_storage.go:149.2,149.33 1 0
github.com/Tattsum/quiz/internal/services/s3_storage.go:149.33,151.3 1 0
github.com/Tattsum/quiz/internal/services/s3_storage.go:153.2,153.12 1 0
github.com/Tattsum/quiz/internal/services/storage.go:26.77,31.2 1 4
github.com/Tattsum/quiz/internal/services/storage.go:34.89,35.50 1 2
github.com/Tattsum/quiz/internal/services/storage.go:35.50,37.3 1 0
github.com/Tattsum/quiz/internal/services/storage.go:39.2,42.52 3 2
github.com/Tattsum/quiz/internal/services/storage.go:42.52,44.3 1 0
github.com/Tattsum/quiz/internal/services/storage.go:46.2,49.16 3 2
github.com/Tattsum/quiz/internal/services/storage.go:49.16,51.3 1 0
github.com/Tattsum/quiz/internal/services/storage.go:52.2,52.15 1 2
github.com/Tattsum/quiz/internal/services/storage.go:52.15,54.3 1 2
github.com/Tattsum/quiz/internal/services/storage.go:56.2,56.44 1 2
github.com/Tattsum/quiz/internal/services/storage.go:56.44,58.3 1 0
github.com/Tattsum/quiz/internal/services/storage.go:60.2,63.12 3 2
github.com/Tattsum/quiz/internal/services/storage.go:67.78,69.2 1 3
github.com/Tattsum/quiz/internal/services/storage.go:72.77,75.53 2 1
github.com/Tattsum/quiz/internal/services/storage.go:75.53,77.3 1 0
github.com/Tattsum/quiz/internal/services/storage.go:79.2,79.44 1 1
github.com/Tattsum/quiz/internal/services/storage.go:79.44,81.3 1 0
github.com/Tattsum/quiz/internal/services/storage.go:83.2,83.12 1 1
github.com/Tattsum/quiz/internal/services/storage.go:86.61,87.56 1 2
github.com/Tattsum/quiz/internal/services/storage.go:87.56,89.3 1 0
github.com/Tattsum/quiz/internal/services/storage.go:90.2,90.12 1 2
github.com/Tattsum/quiz/internal/services/storage.go:93.71,94.23 1 5
github.com/Tattsum/quiz/internal/services/storage.go:94.23,96.3 1 1
github.com/Tattsum/quiz/internal/services/storage.go:98.2,98.58 1 4
github.com/Tattsum/quiz/internal/services/storage.go:102.102,103.50 1 0
github.com/Tattsum/quiz/internal/services/storage.go:103.50,105.3 1 0
github.com/Tattsum/quiz/internal/services/storage.go:107.2,110.52 3 0
github.com/Tattsum/quiz/internal/services/storage.go:110.52,112.3 1 0
github.com/Tattsum/quiz/internal/services/storage.go:114.2,117.16 3 0
github.com/Tattsum/quiz/internal/services/storage.go:117.16,119.3 1 0
github.com/Tattsum/quiz/internal/services/storage.go:120.2,120.15 1 0
github.com/Tattsum/quiz/internal/services/storage.go:120.15,122.3 1 0
github.com/Tattsum/quiz/internal/services/storage.go:124.2,125.16 2 0
github.com/Tattsum/quiz/internal/services/storage.go:125.16,127.3 1 0
github.com/Tattsum/quiz/internal/services/storage.go:129.2,133.12 4 0
github.com/Tattsum/quiz/internal/handlers/auth.go:15.33,17.47 2 0
github.com/Tattsum/quiz/internal/handlers/auth.go:17.47,27.3 2 0
github.com/Tattsum/quiz/internal/handlers/auth.go:29.2,34.16 4 0
github.com/Tattsum/quiz/internal/handlers/auth.go:34.16,43.3 2 0
github.com/Tattsum/quiz/internal/handlers/auth.go:46.2,47.16 2 0
github.com/Tattsum/quiz/internal/handlers/auth.go:47.16,56.3 2 0
github.com/Tattsum/quiz/internal/handlers/auth.go:58.2,62.4 1 0
github.com/Tattsum/quiz/internal/handlers/auth.go:66.34,69.13 2 0
github.com/Tattsum/quiz/internal/handlers/auth.go:69.13,78.3 2 0
github.com/Tattsum/quiz/internal/handlers/auth.go:81.2,86.4 2 0
github.com/Tattsum/quiz/internal/handlers/auth.go:90.35,92.47 2 0
github.com/Tattsum/quiz/internal/handlers/auth.go:92.47,102.3 2 0
github.com/Tattsum/quiz/internal/handlers/auth.go:104.2,109.16 4 0
github.com/Tattsum/quiz/internal/handlers/auth.go:109.16,111.14 2 0
github.com/Tattsum/quiz/internal/handlers/auth.go:112.33,114.46 2 0
github.com/Tattsum/quiz/internal/handlers/auth.go:115.37,117.39 2 0
github.com/Tattsum/quiz/internal/handlers/auth.go:118.11,120.42 2 0
github.com/Tattsum/quiz/internal/handlers/auth.go:123.3,130.9 2 0
github.com/Tattsum/quiz/internal/handlers/auth.go:134.2,135.16 2 0
github.com/Tattsum/quiz/internal/handlers/auth.go:135.16,144.3 2 0
github.com/Tattsum/quiz/internal/handlers/auth.go:147.2,148.16 2 0
github.com/Tattsum/quiz/internal/handlers/auth.go:148.16,157.3 2 0
github.com/Tattsum/quiz/internal/handlers/auth.go:159.2,163.4 1 0
github.com/Tattsum/quiz/internal/handlers/auth.go:167.34,174.16 5 0
github.com/Tattsum/quiz/internal/handlers/auth.go:174.16,183.3 2 0
github.com/Tattsum/quiz/internal/handlers/auth.go:185.2,195.4 1 0
github.com/Tattsum/quiz/internal/handlers/helpers.go:13.64,16.66 2 9
github.com/Tattsum/quiz/internal/handlers/helpers.go:16.66,17.38 1 6
github.com/Tattsum/quiz/internal/handlers/helpers.go:17.38,22.4 1 11
github.com/Tattsum/quiz/internal/handlers/helpers.go:25.2,25.15 1 9
github.com/Tattsum/quiz/internal/handlers/helpers.go:29.51,31.32 1 11
github.com/Tattsum/quiz/internal/handlers/helpers.go:32.18,33.27 1 0
github.com/Tattsum/quiz/internal/handlers/helpers.go:34.18,35.27 1 0
github.com/Tattsum/quiz/internal/handlers/helpers.go:36.18,37.30 1 2
github.com/Tattsum/quiz/internal/handlers/helpers.go:38.22,39.21 1 1
github.com/Tattsum/quiz/internal/handlers/helpers.go:40.50,41.21 1 4
github.com/Tattsum/quiz/internal/handlers/helpers.go:42.23,43.18 1 1
github.com/Tattsum/quiz/internal/handlers/helpers.go:44.23,45.23 1 1
github.com/Tattsum/quiz/internal/handlers/helpers.go:46.16,47.20 1 0
github.com/Tattsum/quiz/internal/handlers/helpers.go:48.24,49.30 1 2
github.com/Tattsum/quiz/internal/handlers/helpers.go:50.10,51.15 1 0
github.com/Tattsum/quiz/internal/handlers/helpers.go:56.60,57.19 1 11
github.com/Tattsum/quiz/internal/handlers/helpers.go:58.18,59.30 1 8
github.com/Tattsum/quiz/internal/handlers/helpers.go:60.13,61.51 1 1
github.com/Tattsum/quiz/internal/handlers/helpers.go:62.13,63.45 1 0
github.com/Tattsum/quiz/internal/handlers/helpers.go:64.15,65.51 1 2
github.com/Tattsum/quiz/internal/handlers/helpers.go:66.15,67.69 1 0
github.com/Tattsum/quiz/internal/handlers/helpers.go:68.10,69.36 1 0
github.com/Tattsum/quiz/internal/handlers/helpers.go:74.60,79.28 4 2
github.com/Tattsum/quiz/internal/handlers/helpers.go:79.28,81.3 1 0
github.com/Tattsum/quiz/internal/handlers/helpers.go:83.2,84.44 2 2
github.com/Tattsum/quiz/internal/handlers/helpers.go:84.44,86.3 1 0
github.com/Tattsum/quiz/internal/handlers/helpers.go:88.2,88.25 1 2
github.com/Tattsum/quiz/internal/handlers/helpers.go:92.62,103.2 1 0
github.com/Tattsum/quiz/internal/handlers/helpers.go:106.51,107.16 1 30
github.com/Tattsum/quiz/internal/handlers/helpers.go:107.16,109.3 1 30
github.com/Tattsum/quiz/internal/handlers/helpers.go:110.2,110.45 1 0
github.com/Tattsum/quiz/internal/handlers/participant.go:14.42,16.47 2 4
github.com/Tattsum/quiz/internal/handlers/participant.go:16.47,26.3 2 3
github.com/Tattsum/quiz/internal/handlers/participant.go:28.2,37.16 5 1
github.com/Tattsum/quiz/internal/handlers/participant.go:37.16,46.3 2 0
github.com/Tattsum/quiz/internal/handlers/participant.go:48.2,58.4 2 1
github.com/Tattsum/quiz/internal/handlers/participant.go:62.37,65.16 3 3
github.com/Tattsum/quiz/internal/handlers/participant.go:65.16,74.3 2 1
github.com/Tattsum/quiz/internal/handlers/participant.go:76.2,87.16 5 2
github.com/Tattsum/quiz/internal/handlers/participant.go:87.16,88.27 1 1
github.com/Tattsum/quiz/internal/handlers/participant.go:88.27,97.4 2 1
github.com/Tattsum/quiz/internal/handlers/participant.go:98.3,105.9 2 0
github.com/Tattsum/quiz/internal/handlers/participant.go:109.2,114.16 4 1
github.com/Tattsum/quiz/internal/handlers/participant.go:114.16,118.3 2 0
github.com/Tattsum/quiz/internal/handlers/participant.go:120.2,129.4 1 1
github.com/Tattsum/quiz/internal/handlers/participant.go:133.44,136.16 3 3
github.com/Tattsum/quiz/internal/handlers/participant.go:136.16,145.3 2 1
github.com/Tattsum/quiz/internal/handlers/participant.go:147.2,152.16 4 2
github.com/Tattsum/quiz/internal/handlers/participant.go:152.16,153.27 1 1
github.com/Tattsum/quiz/internal/handlers/participant.go:153.27,162.4 2 1
github.com/Tattsum/quiz/internal/handlers/participant.go:163.3,170.9 2 0
github.com/Tattsum/quiz/internal/handlers/participant.go:174.2,182.16 3 1
github.com/Tattsum/quiz/internal/handlers/participant.go:182.16,191.3 2 0
github.com/Tattsum/quiz/internal/handlers/participant.go:192.2,192.15 1 1
github.com/Tattsum/quiz/internal/handlers/participant.go:192.15,194.3 1 1
github.com/Tattsum/quiz/internal/handlers/participant.go:196.2,197.18 2 1
github.com/Tattsum/quiz/internal/handlers/participant.go:197.18,208.17 3 0
github.com/Tattsum/quiz/internal/handlers/participant.go:208.17,217.4 2 0
github.com/Tattsum/quiz/internal/handlers/participant.go:218.3,218.36 1 0
github.com/Tattsum/quiz/internal/handlers/participant.go:222.2,224.33 3 1
github.com/Tattsum/quiz/internal/handlers/participant.go:224.33,225.23 1 0
github.com/Tattsum/quiz/internal/handlers/participant.go:225.23,227.4 1 0
github.com/Tattsum/quiz/internal/handlers/participant.go:230.2,231.22 2 1
github.com/Tattsum/quiz/internal/handlers/participant.go:231.22,233.3 1 0
github.com/Tattsum/quiz/internal/handlers/participant.go:235.2,246.4 2 1
github.com/Tattsum/quiz/internal/handlers/participant.go:252.35,254.47 2 4
github.com/Tattsum/quiz/internal/handlers/participant.go:254.47,264.3 2 3
github.com/Tattsum/quiz/internal/handlers/participant.go:266.2,277.16 6 1
github.com/Tattsum/quiz/internal/handlers/participant.go:277.16,286.3 2 0
github.com/Tattsum/quiz/internal/handlers/participant.go:288.2,288.25 1 1
github.com/Tattsum/quiz/internal/handlers/participant.go:288.25,297.3 2 0
github.com/Tattsum/quiz/internal/handlers/participant.go:299.2,299.58 1 1
github.com/Tattsum/quiz/internal/handlers/participant.go:299.58,308.3 2 0
github.com/Tattsum/quiz/internal/handlers/participant.go:311.2,313.16 3 1
github.com/Tattsum/quiz/internal/handlers/participant.go:313.16,314.27 1 0
github.com/Tattsum/quiz/internal/handlers/participant.go:314.27,323.4 2 0
github.com/Tattsum/quiz/internal/handlers/participant.go:324.3,331.9 2 0
github.com/Tattsum/quiz/internal/handlers/participant.go:335.2,337.16 3 1
github.com/Tattsum/quiz/internal/handlers/participant.go:337.16,338.27 1 0
github.com/Tattsum/quiz/internal/handlers/participant.go:338.27,347.4 2 0
github.com/Tattsum/quiz/internal/handlers/participant.go:348.3,355.9 2 0
github.com/Tattsum/quiz/internal/handlers/participant.go:358.2,365.16 5 1
github.com/Tattsum/quiz/internal/handlers/participant.go:365.16,375.17 4 0
github.com/Tattsum/quiz/internal/handlers/participant.go:375.17,384.4 2 0
github.com/Tattsum/quiz/internal/handlers/participant.go:386.3,404.17 11 0
github.com/Tattsum/quiz/internal/handlers/participant.go:404.17,405.17 1 0
github.com/Tattsum/quiz/internal/handlers/participant.go:405.17,407.5 1 0
github.com/Tattsum/quiz/internal/handlers/participant.go:408.4,408.20 1 0
github.com/Tattsum/quiz/internal/handlers/participant.go:408.20,413.5 4 0
github.com/Tattsum/quiz/internal/handlers/participant.go:417.3,423.5 2 0
github.com/Tattsum/quiz/internal/handlers/participant.go:424.8,424.33 1 1
github.com/Tattsum/quiz/internal/handlers/participant.go:424.33,433.17 4 1
github.com/Tattsum/quiz/internal/handlers/participant.go:433.17,442.4 2 0
github.com/Tattsum/quiz/internal/handlers/participant.go:444.3,462.17 11 1
github.com/Tattsum/quiz/internal/handlers/participant.go:462.17,463.17 1 1
github.com/Tattsum/quiz/internal/handlers/participant.go:463.17,465.5 1 1
github.com/Tattsum/quiz/internal/handlers/participant.go:466.4,466.20 1 1
github.com/Tattsum/quiz/internal/handlers/participant.go:466.20,471.5 4 1
github.com/Tattsum/quiz/internal/handlers/participant.go:475.3,481.5 2 1
github.com/Tattsum/quiz/internal/handlers/participant.go:482.8,491.3 2 0
github.com/Tattsum/quiz/internal/handlers/participant.go:495.35,498.16 3 4
github.com/Tattsum/quiz/internal/handlers/participant.go:498.16,507.3 2 1
github.com/Tattsum/quiz/internal/handlers/participant.go:509.2,510.47 2 3
github.com/Tattsum/quiz/internal/handlers/participant.go:510.47,520.3 2 1
github.com/Tattsum/quiz/internal/handlers/participant.go:522.2,528.39 5 2
github.com/Tattsum/quiz/internal/handlers/participant.go:528.39,537.3 2 0
github.com/Tattsum/quiz/internal/handlers/participant.go:540.2,548.16 5 2
github.com/Tattsum/quiz/internal/handlers/participant.go:548.16,549.27 1 1
github.com/Tattsum/quiz/internal/handlers/participant.go:549.27,558.4 2 1
github.com/Tattsum/quiz/internal/handlers/participant.go:559.3,566.9 2 0
github.com/Tattsum/quiz/internal/handlers/participant.go:569.2,580.16 5 1
github.com/Tattsum/quiz/internal/handlers/participant.go:580.16,589.3 2 0
github.com/Tattsum/quiz/internal/handlers/participant.go:591.2,599.4 4 1
github.com/Tattsum/quiz/internal/handlers/quiz.go:15.33,20.16 4 2
github.com/Tattsum/quiz/internal/handlers/quiz.go:20.16,29.3 2 0
github.com/Tattsum/quiz/internal/handlers/quiz.go:31.2,39.4 1 2
github.com/Tattsum/quiz/internal/handlers/quiz.go:43.30,46.16 3 3
github.com/Tattsum/quiz/internal/handlers/quiz.go:46.16,55.3 2 1
github.com/Tattsum/quiz/internal/handlers/quiz.go:57.2,59.16 3 2
github.com/Tattsum/quiz/internal/handlers/quiz.go:59.16,60.39 1 1
github.com/Tattsum/quiz/internal/handlers/quiz.go:60.39,69.4 2 1
github.com/Tattsum/quiz/internal/handlers/quiz.go:70.3,77.9 2 0
github.com/Tattsum/quiz/internal/handlers/quiz.go:80.2,83.4 1 1
github.com/Tattsum/quiz/internal/handlers/quiz.go:87.33,89.47 2 3
github.com/Tattsum/quiz/internal/handlers/quiz.go:89.47,99.3 2 2
github.com/Tattsum/quiz/internal/handlers/quiz.go:101.2,103.16 3 1
github.com/Tattsum/quiz/internal/handlers/quiz.go:103.16,112.3 2 0
github.com/Tattsum/quiz/internal/handlers/quiz.go:114.2,118.4 1 1
github.com/Tattsum/quiz/internal/handlers/quiz.go:122.33,125.16 3 3
github.com/Tattsum/quiz/internal/handlers/quiz.go:125.16,134.3 2 1
github.com/Tattsum/quiz/internal/handlers/quiz.go:136.2,137.47 2 2
github.com/Tattsum/quiz/internal/handlers/quiz.go:137.47,147.3 2 0
github.com/Tattsum/quiz/internal/handlers/quiz.go:149.2,151.16 3 2
github.com/Tattsum/quiz/internal/handlers/quiz.go:151.16,152.39 1 1
github.com/Tattsum/quiz/internal/handlers/quiz.go:152.39,161.4 2 1
github.com/Tattsum/quiz/internal/handlers/quiz.go:162.3,169.9 2 0
github.com/Tattsum/quiz/internal/handlers/quiz.go:172.2,176.4 1 1
github.com/Tattsum/quiz/internal/handlers/quiz.go:180.33,183.16 3 3
github.com/Tattsum/quiz/internal/handlers/quiz.go:183.16,192.3 2 1
github.com/Tattsum/quiz/internal/handlers/quiz.go:194.2,196.16 3 2
github.com/Tattsum/quiz/internal/handlers/quiz.go:196.16,197.39 1 1
github.com/Tattsum/quiz/internal/handlers/quiz.go:197.39,206.4 2 1
github.com/Tattsum/quiz/internal/handlers/quiz.go:207.3,214.9 2 0
github.com/Tattsum/quiz/internal/handlers/quiz.go:217.2,220.4 1 1
github.com/Tattsum/quiz/internal/handlers/results.go:15.40,27.16 6 0
github.com/Tattsum/quiz/internal/handlers/results.go:27.16,36.3 2 0
github.com/Tattsum/quiz/internal/handlers/results.go:38.2,38.26 1 0
github.com/Tattsum/quiz/internal/handlers/results.go:38.26,47.3 2 0
github.com/Tattsum/quiz/internal/handlers/results.go:49.2,50.16 2 0
github.com/Tattsum/quiz/internal/handlers/results.go:50.16,59.3 2 0
github.com/Tattsum/quiz/internal/handlers/results.go:61.2,64.4 1 0
github.com/Tattsum/quiz/internal/handlers/results.go:68.37,71.16 3 0
github.com/Tattsum/quiz/internal/handlers/results.go:71.16,80.3 2 0
github.com/Tattsum/quiz/internal/handlers/results.go:82.2,85.16 3 0
github.com/Tattsum/quiz/internal/handlers/results.go:85.16,86.27 1 0
github.com/Tattsum/quiz/internal/handlers/results.go:86.27,95.4 2 0
github.com/Tattsum/quiz/internal/handlers/results.go:96.3,103.9 2 0
github.com/Tattsum/quiz/internal/handlers/results.go:106.2,109.4 1 0
github.com/Tattsum/quiz/internal/handlers/results.go:113.114,118.16 4 13
github.com/Tattsum/quiz/internal/handlers/results.go:118.16,120.3 1 7
github.com/Tattsum/quiz/internal/handlers/results.go:123.2,129.16 3 6
github.com/Tattsum/quiz/internal/handlers/results.go:129.16,131.3 1 0
github.com/Tattsum/quiz/internal/handlers/results.go:132.2,132.15 1 6
github.com/Tattsum/quiz/internal/handlers/results.go:132.15,134.3 1 6
github.com/Tattsum/quiz/internal/handlers/results.go:136.2,139.18 3 6
github.com/Tattsum/quiz/internal/handlers/results.go:139.18,142.52 3 0
github.com/Tattsum/quiz/internal/handlers/results.go:142.52,144.4 1 0
github.com/Tattsum/quiz/internal/handlers/results.go:145.3,146.24 2 0
github.com/Tattsum/quiz/internal/handlers/results.go:150.2,151.54 2 6
github.com/Tattsum/quiz/internal/handlers/results.go:151.54,158.3 3 24
github.com/Tattsum/quiz/internal/handlers/results.go:161.2,176.22 4 6
github.com/Tattsum/quiz/internal/handlers/results.go:180.40,185.45 4 0
github.com/Tattsum/quiz/internal/handlers/results.go:185.45,187.3 1 0
github.com/Tattsum/quiz/internal/handlers/results.go:189.2,190.30 2 0
github.com/Tattsum/quiz/internal/handlers/results.go:190.30,192.3 1 0
github.com/Tattsum/quiz/internal/handlers/results.go:194.2,199.16 4 0
github.com/Tattsum/quiz/internal/handlers/results.go:199.16,208.3 2 0
github.com/Tattsum/quiz/internal/handlers/results.go:211.2,227.16 3 0
github.com/Tattsum/quiz/internal/handlers/results.go:227.16,236.3 2 0
github.com/Tattsum/quiz/internal/handlers/results.go:237.2,237.15 1 0
github.com/Tattsum/quiz/internal/handlers/results.go:237.15,239.3 1 0
github.com/Tattsum/quiz/internal/handlers/results.go:241.2,244.18 3 0
github.com/Tattsum/quiz/internal/handlers/results.go:244.18,254.17 3 0
github.com/Tattsum/quiz/internal/handlers/results.go:254.17,263.4 2 0
github.com/Tattsum/quiz/internal/handlers/results.go:264.3,266.9 3 0
github.com/Tattsum/quiz/internal/handlers/results.go:269.2,278.4 2 0
github.com/Tattsum/quiz/internal/handlers/results.go:282.37,285.16 3 0
github.com/Tattsum/quiz/internal/handlers/results.go:285.16,294.3 2 0
github.com/Tattsum/quiz/internal/handlers/results.go:296.2,302.16 5 0
github.com/Tattsum/quiz/internal/handlers/results.go:302.16,303.27 1 0
github.com/Tattsum/quiz/internal/handlers/results.go:303.27,312.4 2 0
github.com/Tattsum/quiz/internal/handlers/results.go:313.3,320.9 2 0
github.com/Tattsum/quiz/internal/handlers/results.go:324.2,331.16 3 0
github.com/Tattsum/quiz/internal/handlers/results.go:331.16,340.3 2 0
github.com/Tattsum/quiz/internal/handlers/results.go:341.2,341.15 1 0
github.com/Tattsum/quiz/internal/handlers/results.go:341.15,343.3 1 0
github.com/Tattsum/quiz/internal/handlers/results.go:345.2,346.18 2 0
github.com/Tattsum/quiz/internal/handlers/results.go:346.18,354.17 3 0
github.com/Tattsum/quiz/internal/handlers/results.go:354.17,363.4 2 0
github.com/Tattsum/quiz/internal/handlers/results.go:364.3,364.65 1 0
github.com/Tattsum/quiz/internal/handlers/results.go:368.2,375.16 4 0
github.com/Tattsum/quiz/internal/handlers/results.go:375.16,378.3 2 0
github.com/Tattsum/quiz/internal/handlers/results.go:380.2,394.4 3 0
github.com/Tattsum/quiz/internal/handlers/results.go:398.44,401.16 3 0
github.com/Tattsum/quiz/internal/handlers/results.go:401.16,410.3 2 0
github.com/Tattsum/quiz/internal/handlers/results.go:412.2,417.16 4 0
github.com/Tattsum/quiz/internal/handlers/results.go:417.16,418.27 1 0
github.com/Tattsum/quiz/internal/handlers/results.go:418.27,427.4 2 0
github.com/Tattsum/quiz/internal/handlers/results.go:428.3,435.9 2 0
github.com/Tattsum/quiz/internal/handlers/results.go:439.2,444.16 4 0
github.com/Tattsum/quiz/internal/handlers/results.go:444.16,447.3 2 0
github.com/Tattsum/quiz/internal/handlers/results.go:449.2,450.22 2 0
github.com/Tattsum/quiz/internal/handlers/results.go:450.22,452.3 1 0
github.com/Tattsum/quiz/internal/handlers/results.go:455.2,475.16 4 0
github.com/Tattsum/quiz/internal/handlers/results.go:475.16,477.3 1 0
github.com/Tattsum/quiz/internal/handlers/results.go:480.2,482.16 3 0
github.com/Tattsum/quiz/internal/handlers/results.go:482.16,484.3 1 0
github.com/Tattsum/quiz/internal/handlers/results.go:487.2,504.4 3 0
github.com/Tattsum/quiz/internal/handlers/session.go:13.39,30.16 5 0
github.com/Tattsum/quiz/internal/handlers/session.go:30.16,31.27 1 0
github.com/Tattsum/quiz/internal/handlers/session.go:31.27,43.4 2 0
github.com/Tattsum/quiz/internal/handlers/session.go:44.3,51.9 2 0
github.com/Tattsum/quiz/internal/handlers/session.go:54.2,59.34 4 0
github.com/Tattsum/quiz/internal/handlers/session.go:59.34,76.17 4 0
github.com/Tattsum/quiz/internal/handlers/session.go:76.17,79.4 2 0
github.com/Tattsum/quiz/internal/handlers/session.go:82.3,84.17 3 0
github.com/Tattsum/quiz/internal/handlers/session.go:84.17,86.4 1 0
github.com/Tattsum/quiz/internal/handlers/session.go:90.2,92.16 3 0
github.com/Tattsum/quiz/internal/handlers/session.go:92.16,94.3 1 0
github.com/Tattsum/quiz/internal/handlers/session.go:96.2,99.4 1 0
github.com/Tattsum/quiz/internal/handlers/session.go:103.35,105.47 2 0
github.com/Tattsum/quiz/internal/handlers/session.go:105.47,115.3 2 0
github.com/Tattsum/quiz/internal/handlers/session.go:117.2,135.16 5 0
github.com/Tattsum/quiz/internal/handlers/session.go:135.16,136.27 1 0
github.com/Tattsum/quiz/internal/handlers/session.go:136.27,145.4 2 0
github.com/Tattsum/quiz/internal/handlers/session.go:146.3,153.9 2 0
github.com/Tattsum/quiz/internal/handlers/session.go:157.2,163.16 4 0
github.com/Tattsum/quiz/internal/handlers/session.go:163.16,172.3 2 0
github.com/Tattsum/quiz/internal/handlers/session.go:174.2,193.4 4 0
github.com/Tattsum/quiz/internal/handlers/session.go:197.35,199.47 2 0
github.com/Tattsum/quiz/internal/handlers/session.go:199.47,209.3 2 0
github.com/Tattsum/quiz/internal/handlers/session.go:211.2,229.16 5 0
github.com/Tattsum/quiz/internal/handlers/session.go:229.16,230.27 1 0
github.com/Tattsum/quiz/internal/handlers/session.go:230.27,239.4 2 0
github.com/Tattsum/quiz/internal/handlers/session.go:240.3,247.9 2 0
github.com/Tattsum/quiz/internal/handlers/session.go:251.2,258.16 4 0
github.com/Tattsum/quiz/internal/handlers/session.go:258.16,267.3 2 0
github.com/Tattsum/quiz/internal/handlers/session.go:269.2,288.4 4 0
github.com/Tattsum/quiz/internal/handlers/session.go:292.36,294.47 2 0
github.com/Tattsum/quiz/internal/handlers/session.go:294.47,304.3 2 0
github.com/Tattsum/quiz/internal/handlers/session.go:306.2,314.16 4 0
github.com/Tattsum/quiz/internal/handlers/session.go:314.16,323.3 2 0
github.com/Tattsum/quiz/internal/handlers/session.go:325.2,326.29 2 0
github.com/Tattsum/quiz/internal/handlers/session.go:326.29,331.27 4 0
github.com/Tattsum/quiz/internal/handlers/session.go:331.27,333.4 1 0
github.com/Tattsum/quiz/internal/handlers/session.go:337.2,348.4 2 0
github.com/Tattsum/quiz/internal/handlers/session.go:352.33,361.16 4 0
github.com/Tattsum/quiz/internal/handlers/session.go:361.16,370.3 2 0
github.com/Tattsum/quiz/internal/handlers/session.go:373.2,382.4 2 0
github.com/Tattsum/quiz/internal/handlers/test_helper.go:8.21,9.43 1 17
github.com/Tattsum/quiz/internal/handlers/test_helper.go:9.43,11.3 1 0
github.com/Tattsum/quiz/internal/handlers/test_helper.go:14.2,14.32 1 17
github.com/Tattsum/quiz/internal/handlers/test_helper.go:14.32,16.3 1 1
github.com/Tattsum/quiz/internal/handlers/test_helper.go:17.2,17.32 1 17
github.com/Tattsum/quiz/internal/handlers/test_helper.go:17.32,19.3 1 1
github.com/Tattsum/quiz/internal/handlers/test_helper.go:20.2,20.32 1 17
github.com/Tattsum/quiz/internal/handlers/test_helper.go:20.32,22.3 1 1
github.com/Tattsum/quiz/internal/handlers/test_helper.go:23.2,23.36 1 17
github.com/Tattsum/quiz/internal/handlers/test_helper.go:23.36,25.3 1 1
github.com/Tattsum/quiz/internal/handlers/test_helper.go:26.2,26.32 1 17
github.com/Tattsum/quiz/internal/handlers/test_helper.go:26.32,28.3 1 1
github.com/Tattsum/quiz/internal/handlers/test_helper.go:29.2,29.35 1 17
github.com/Tattsum/quiz/internal/handlers/test_helper.go:29.35,31.3 1 1
github.com/Tattsum/quiz/internal/handlers/upload.go:19.88,24.2 1 0
github.com/Tattsum/quiz/internal/handlers/upload.go:27.58,29.16 2 0
github.com/Tattsum/quiz/internal/handlers/upload.go:29.16,38.3 2 0
github.com/Tattsum/quiz/internal/handlers/upload.go:40.2,41.16 2 0
github.com/Tattsum/quiz/internal/handlers/upload.go:41.16,50.3 2 0
github.com/Tattsum/quiz/internal/handlers/upload.go:52.2,52.75 1 0
github.com/Tattsum/quiz/internal/handlers/upload.go:52.75,61.3 2 0
github.com/Tattsum/quiz/internal/handlers/upload.go:63.2,73.4 2 0
github.com/Tattsum/quiz/internal/handlers/upload.go:77.34,84.2 5 0
github.com/Tattsum/quiz/internal/handlers/upload.go:87.40,89.26 2 0
github.com/Tattsum/quiz/internal/handlers/upload.go:89.26,91.3 1 0
github.com/Tattsum/quiz/internal/handlers/upload.go:94.2,94.60 1 0
github.com/Tattsum/quiz/internal/handlers/upload.go:94.60,96.3 1 0
github.com/Tattsum/quiz/internal/handlers/upload.go:98.2,99.16 2 0
github.com/Tattsum/quiz/internal/handlers/upload.go:99.16,101.3 1 0
github.com/Tattsum/quiz/internal/handlers/upload.go:103.2,103.45 1 0
github.com/Tattsum/quiz/internal/handlers/websocket.go:23.49,26.4 1 20
github.com/Tattsum/quiz/internal/handlers/websocket.go:81.39,87.42 4 20
github.com/Tattsum/quiz/internal/handlers/websocket.go:87.42,93.3 2 0
github.com/Tattsum/quiz/internal/handlers/websocket.go:95.2,96.16 2 20
github.com/Tattsum/quiz/internal/handlers/websocket.go:96.16,99.3 2 0
github.com/Tattsum/quiz/internal/handlers/websocket.go:100.2,100.15 1 20
github.com/Tattsum/quiz/internal/handlers/websocket.go:100.15,101.38 1 20
github.com/Tattsum/quiz/internal/handlers/websocket.go:101.38,103.4 1 0
github.com/Tattsum/quiz/internal/handlers/websocket.go:107.2,118.15 6 20
github.com/Tattsum/quiz/internal/handlers/websocket.go:118.15,123.3 4 20
github.com/Tattsum/quiz/internal/handlers/websocket.go:126.2,126.41 1 20
github.com/Tattsum/quiz/internal/handlers/websocket.go:126.41,129.3 2 0
github.com/Tattsum/quiz/internal/handlers/websocket.go:132.2,132.12 1 20
github.com/Tattsum/quiz/internal/handlers/websocket.go:132.12,137.7 3 20
github.com/Tattsum/quiz/internal/handlers/websocket.go:137.7,138.11 1 20
github.com/Tattsum/quiz/internal/handlers/websocket.go:139.20,140.73 1 0
github.com/Tattsum/quiz/internal/handlers/websocket.go:140.73,142.6 1 0
github.com/Tattsum/quiz/internal/handlers/websocket.go:148.2,148.6 1 20
github.com/Tattsum/quiz/internal/handlers/websocket.go:148.6,150.17 2 36
github.com/Tattsum/quiz/internal/handlers/websocket.go:150.17,151.103 1 20
github.com/Tattsum/quiz/internal/handlers/websocket.go:151.103,153.5 1 0
github.com/Tattsum/quiz/internal/handlers/websocket.go:154.4,154.9 1 20
github.com/Tattsum/quiz/internal/handlers/websocket.go:157.3,157.43 1 16
github.com/Tattsum/quiz/internal/handlers/websocket.go:157.43,159.53 2 16
github.com/Tattsum/quiz/internal/handlers/websocket.go:159.53,161.13 2 1
github.com/Tattsum/quiz/internal/handlers/websocket.go:164.4,164.20 1 15
github.com/Tattsum/quiz/internal/handlers/websocket.go:165.21,170.19 3 12
github.com/Tattsum/quiz/internal/handlers/websocket.go:170.19,172.6 1 6
github.com/Tattsum/quiz/internal/handlers/websocket.go:174.23,175.24 1 1
github.com/Tattsum/quiz/internal/handlers/websocket.go:177.21,181.7 2 2
github.com/Tattsum/quiz/internal/handlers/websocket.go:188.42,190.16 2 1
github.com/Tattsum/quiz/internal/handlers/websocket.go:190.16,193.3 2 1
github.com/Tattsum/quiz/internal/handlers/websocket.go:195.2,198.40 3 0
github.com/Tattsum/quiz/internal/handlers/websocket.go:198.40,199.55 1 0
github.com/Tattsum/quiz/internal/handlers/websocket.go:199.55,200.31 1 0
github.com/Tattsum/quiz/internal/handlers/websocket.go:200.31,202.5 1 0
github.com/Tattsum/quiz/internal/handlers/websocket.go:208.54,212.32 3 1
github.com/Tattsum/quiz/internal/handlers/websocket.go:212.32,213.30 1 0
github.com/Tattsum/quiz/internal/handlers/websocket.go:213.30,215.4 1 0
github.com/Tattsum/quiz/internal/handlers/websocket.go:220.80,231.40 4 1
github.com/Tattsum/quiz/internal/handlers/websocket.go:231.40,232.55 1 0
github.com/Tattsum/quiz/internal/handlers/websocket.go:232.55,233.31 1 0
github.com/Tattsum/quiz/internal/handlers/websocket.go:233.31,235.5 1 0
github.com/Tattsum/quiz/internal/handlers/websocket.go:239.2,239.111 1 1
github.com/Tattsum/quiz/internal/handlers/websocket.go:243.51,253.40 4 1
github.com/Tattsum/quiz/internal/handlers/websocket.go:253.40,254.55 1 0
github.com/Tattsum/quiz/internal/handlers/websocket.go:254.55,255.31 1 0
github.com/Tattsum/quiz/internal/handlers/websocket.go:255.31,257.5 1 0
github.com/Tattsum/quiz/internal/handlers/websocket.go:261.2,261.131 1 1
github.com/Tattsum/quiz/internal/handlers/websocket.go:265.121,278.40 4 2
github.com/Tattsum/quiz/internal/handlers/websocket.go:278.40,279.55 1 0
github.com/Tattsum/quiz/internal/handlers/websocket.go:279.55,280.31 1 0
github.com/Tattsum/quiz/internal/handlers/websocket.go:280.31,282.5 1 0
github.com/Tattsum/quiz/internal/handlers/websocket.go:288.78,294.48 2 8
github.com/Tattsum/quiz/internal/handlers/websocket.go:294.48,296.3 1 0
github.com/Tattsum/quiz/internal/handlers/websocket.go:300.79,303.2 2 13
github.com/Tattsum/quiz/internal/handlers/websocket.go:306.27,311.6 3 1
github.com/Tattsum/quiz/internal/handlers/websocket.go:311.6,312.10 1 1
github.com/Tattsum/quiz/internal/handlers/websocket.go:313.19,317.42 3 0
github.com/Tattsum/quiz/internal/handlers/websocket.go:317.42,318.44 1 0
github.com/Tattsum/quiz/internal/handlers/websocket.go:318.44,321.6 2 0
github.com/Tattsum/quiz/internal/handlers/websocket.go:323.4,323.29 1 0
github.com/Tattsum/quiz/internal/handlers/websocket.go:329.31,333.2 3 1
github.com/Tattsum/quiz/internal/handlers/websocket.go:336.45,341.37 4 3
github.com/Tattsum/quiz/internal/handlers/websocket.go:341.37,342.55 1 0
github.com/Tattsum/quiz/internal/handlers/websocket.go:342.55,344.4 1 0
github.com/Tattsum/quiz/internal/handlers/websocket.go:346.2,346.14 1 3
github.com/Tattsum/quiz/internal/handlers/websocket.go:350.13,352.2 1 1
